<?xml version="1.0" encoding="UTF-8"?>
<testng-results skipped="0" failed="0" ignored="0" total="1" passed="1">
  <reporter-output>
  </reporter-output>
  <suite name="Default suite" duration-ms="62840" started-at="2018-05-30T13:16:50Z" finished-at="2018-05-30T13:17:53Z">
    <groups>
    </groups>
    <test name="Default test" duration-ms="62840" started-at="2018-05-30T13:16:50Z" finished-at="2018-05-30T13:17:53Z">
      <class name="com.mobileTest.LoginTest">
        <test-method status="PASS" signature="loginPageTest()[pri:0, instance:com.mobileTest.LoginTest@6c49835d]" name="loginPageTest" duration-ms="62820" started-at="2018-05-30T13:16:50Z" finished-at="2018-05-30T13:17:53Z">
          <reporter-output>
          </reporter-output>
        </test-method> <!-- loginPageTest -->
      </class> <!-- com.mobileTest.LoginTest -->
    </test> <!-- Default test -->
  </suite> <!-- Default suite -->
</testng-results>
